<?xml version="1.0" encoding="UTF-8"?>
<!-- Generated by org.testng.reporters.JUnitXMLReporter -->
<testsuite hostname="admin-PC" ignored="0" name="Default test" tests="8" failures="0" timestamp="29 Sep 2017 10:55:33 GMT" time="155.277" errors="0">
  <testcase name="SignUpPageTestCase" time="0.011" classname="com.makemytrip.testcases.TC_002SignUpPageTestCases">
    <skipped/>
  </testcase> <!-- SignUpPageTestCase -->
  <testcase name="SignUpPageTestCase" time="71.478" classname="com.makemytrip.testcases.TC_002SignUpPageTestCases"/>
  <testcase name="SignUpPageTestCase" time="0.007" classname="com.makemytrip.testcases.TC_002SignUpPageTestCases">
    <skipped/>
  </testcase> <!-- SignUpPageTestCase -->
  <testcase name="SignUpPageTestCase" time="0.007" classname="com.makemytrip.testcases.TC_002SignUpPageTestCases">
    <skipped/>
  </testcase> <!-- SignUpPageTestCase -->
  <testcase name="SignUpPageTestCase" time="0.006" classname="com.makemytrip.testcases.TC_002SignUpPageTestCases">
    <skipped/>
  </testcase> <!-- SignUpPageTestCase -->
  <testcase name="SignUpPageTestCase" time="81.626" classname="com.makemytrip.testcases.TC_002SignUpPageTestCases"/>
  <testcase name="SignUpPageTestCase" time="0.002" classname="com.makemytrip.testcases.TC_002SignUpPageTestCases">
    <skipped/>
  </testcase> <!-- SignUpPageTestCase -->
  <testcase name="SignUpPageTestCase" time="0.003" classname="com.makemytrip.testcases.TC_002SignUpPageTestCases">
    <skipped/>
  </testcase> <!-- SignUpPageTestCase -->
</testsuite> <!-- Default test -->
