<?xml version="1.0" encoding="UTF-8"?>
<!-- Generated by org.testng.reporters.JUnitXMLReporter -->
<testsuite hostname="admin-PC" ignored="0" name="Flight Listing page Filter Validation" tests="1" failures="1" timestamp="25 Sep 2017 17:32:23 GMT" time="1.29" errors="0">
  <testcase name="@AfterMethod afterExecution" time="0.0" classname="com.makemytrip.testbase.TestBase">
    <failure type="java.lang.NullPointerException">
      <![CDATA[java.lang.NullPointerException
	at com.makemytrip.testbase.TestBase.catureScreen(TestBase.java:253)
	at com.makemytrip.testbase.TestBase.getStatus(TestBase.java:234)
	at com.makemytrip.testbase.TestBase.afterExecution(TestBase.java:208)
... Removed 30 stack frames]]>
    </failure>
  </testcase> <!-- @AfterMethod afterExecution -->
  <testcase name="@AfterClass afterClass" time="0.0" classname="com.makemytrip.testbase.TestBase">
    <skipped/>
  </testcase> <!-- @AfterClass afterClass -->
  <testcase name="flightListingPagefilterValidation" time="1.106" classname="com.makemytrip.testcases.TC_005FlightListingPagefilterValidationTestCase">
    <failure type="java.lang.Error" message="Unresolved compilation problem: 
	Cannot switch on a value of type String for source level below 1.7. Only convertible int values or enum variables are permitted
">
      <![CDATA[java.lang.Error: Unresolved compilation problem: 
	Cannot switch on a value of type String for source level below 1.7. Only convertible int values or enum variables are permitted

	at com.makemytrip.testscripts.Keywords.executeKeywords(Keywords.java:45)
	at com.makemytrip.testcases.TC_005FlightListingPagefilterValidationTestCase.flightListingPagefilterValidation(TC_005FlightListingPagefilterValidationTestCase.java:18)
... Removed 28 stack frames]]>
    </failure>
  </testcase> <!-- flightListingPagefilterValidation -->
</testsuite> <!-- Flight Listing page Filter Validation -->
