<?xml version="1.0" encoding="UTF-8"?>
<testng-results skipped="0" failed="1" ignored="0" total="1" passed="0">
  <reporter-output>
    <line>
      <![CDATA[Extent Report is Initialize and Started]]>
    </line>
    <line>
      <![CDATA[Test case status checking]]>
    </line>
  </reporter-output>
  <suite name="Suite" duration-ms="1290" started-at="2017-09-25T17:32:22Z" finished-at="2017-09-25T17:32:23Z">
    <groups>
    </groups>
    <test name="Flight Listing page Filter Validation" duration-ms="1290" started-at="2017-09-25T17:32:22Z" finished-at="2017-09-25T17:32:23Z">
      <class name="com.makemytrip.testcases.TC_005FlightListingPagefilterValidationTestCase">
        <test-method status="PASS" signature="beforeClass(java.lang.reflect.Method)[pri:0, instance:com.makemytrip.testcases.TC_005FlightListingPagefilterValidationTestCase@17baae6e]" name="beforeClass" is-config="true" duration-ms="19" started-at="2017-09-25T23:02:22Z" finished-at="2017-09-25T23:02:22Z">
          <params>
            <param index="0">
              <value>
                <![CDATA[public void com.makemytrip.testcases.TC_005FlightListingPagefilterValidationTestCase.flightListingPagefilterValidation() throws java.lang.Exception]]>
              </value>
            </param>
          </params>
          <reporter-output>
            <line>
              <![CDATA[Extent Report is Initialize and Started]]>
            </line>
          </reporter-output>
        </test-method> <!-- beforeClass -->
        <test-method status="FAIL" signature="flightListingPagefilterValidation()[pri:0, instance:com.makemytrip.testcases.TC_005FlightListingPagefilterValidationTestCase@17baae6e]" name="flightListingPagefilterValidation" duration-ms="1106" started-at="2017-09-25T23:02:22Z" finished-at="2017-09-25T23:02:23Z">
          <exception class="java.lang.Error">
            <message>
              <![CDATA[Unresolved compilation problem: 
	Cannot switch on a value of type String for source level below 1.7. Only convertible int values or enum variables are permitted
]]>
            </message>
            <full-stacktrace>
              <![CDATA[java.lang.Error: Unresolved compilation problem: 
	Cannot switch on a value of type String for source level below 1.7. Only convertible int values or enum variables are permitted

	at com.makemytrip.testscripts.Keywords.executeKeywords(Keywords.java:45)
	at com.makemytrip.testcases.TC_005FlightListingPagefilterValidationTestCase.flightListingPagefilterValidation(TC_005FlightListingPagefilterValidationTestCase.java:18)
	at sun.reflect.NativeMethodAccessorImpl.invoke0(Native Method)
	at sun.reflect.NativeMethodAccessorImpl.invoke(NativeMethodAccessorImpl.java:62)
	at sun.reflect.DelegatingMethodAccessorImpl.invoke(DelegatingMethodAccessorImpl.java:43)
	at java.lang.reflect.Method.invoke(Method.java:497)
	at org.testng.internal.MethodInvocationHelper.invokeMethod(MethodInvocationHelper.java:104)
	at org.testng.internal.Invoker.invokeMethod(Invoker.java:645)
	at org.testng.internal.Invoker.invokeTestMethod(Invoker.java:851)
	at org.testng.internal.Invoker.invokeTestMethods(Invoker.java:1177)
	at org.testng.internal.TestMethodWorker.invokeTestMethods(TestMethodWorker.java:129)
	at org.testng.internal.TestMethodWorker.run(TestMethodWorker.java:112)
	at org.testng.TestRunner.privateRun(TestRunner.java:756)
	at org.testng.TestRunner.run(TestRunner.java:610)
	at org.testng.SuiteRunner.runTest(SuiteRunner.java:387)
	at org.testng.SuiteRunner.runSequentially(SuiteRunner.java:382)
	at org.testng.SuiteRunner.privateRun(SuiteRunner.java:340)
	at org.testng.SuiteRunner.run(SuiteRunner.java:289)
	at org.testng.SuiteRunnerWorker.runSuite(SuiteRunnerWorker.java:52)
	at org.testng.SuiteRunnerWorker.run(SuiteRunnerWorker.java:86)
	at org.testng.TestNG.runSuitesSequentially(TestNG.java:1293)
	at org.testng.TestNG.runSuitesLocally(TestNG.java:1218)
	at org.testng.TestNG.runSuites(TestNG.java:1133)
	at org.testng.TestNG.run(TestNG.java:1104)
	at org.apache.maven.surefire.testng.TestNGExecutor.run(TestNGExecutor.java:281)
	at org.apache.maven.surefire.testng.TestNGXmlTestSuite.execute(TestNGXmlTestSuite.java:75)
	at org.apache.maven.surefire.testng.TestNGProvider.invoke(TestNGProvider.java:121)
	at org.apache.maven.surefire.booter.ForkedBooter.invokeProviderInSameClassLoader(ForkedBooter.java:290)
	at org.apache.maven.surefire.booter.ForkedBooter.runSuitesInProcess(ForkedBooter.java:242)
	at org.apache.maven.surefire.booter.ForkedBooter.main(ForkedBooter.java:121)
]]>
            </full-stacktrace>
          </exception> <!-- java.lang.Error -->
          <reporter-output>
          </reporter-output>
        </test-method> <!-- flightListingPagefilterValidation -->
        <test-method status="FAIL" signature="afterExecution(org.testng.ITestResult)[pri:0, instance:com.makemytrip.testcases.TC_005FlightListingPagefilterValidationTestCase@17baae6e]" name="afterExecution" is-config="true" duration-ms="0" started-at="2017-09-25T23:02:23Z" finished-at="2017-09-25T23:02:23Z">
          <params>
            <param index="0">
              <value>
                <![CDATA[[TestResult name=flightListingPagefilterValidation status=FAILURE method=TC_005FlightListingPagefilterValidationTestCase.flightListingPagefilterValidation()[pri:0, instance:com.makemytrip.testcases.TC_005FlightListingPagefilterValidationTestCase@17baae6e] output={null}]]]>
              </value>
            </param>
          </params>
          <exception class="java.lang.NullPointerException">
            <full-stacktrace>
              <![CDATA[java.lang.NullPointerException
	at com.makemytrip.testbase.TestBase.catureScreen(TestBase.java:253)
	at com.makemytrip.testbase.TestBase.getStatus(TestBase.java:234)
	at com.makemytrip.testbase.TestBase.afterExecution(TestBase.java:208)
	at sun.reflect.NativeMethodAccessorImpl.invoke0(Native Method)
	at sun.reflect.NativeMethodAccessorImpl.invoke(NativeMethodAccessorImpl.java:62)
	at sun.reflect.DelegatingMethodAccessorImpl.invoke(DelegatingMethodAccessorImpl.java:43)
	at java.lang.reflect.Method.invoke(Method.java:497)
	at org.testng.internal.MethodInvocationHelper.invokeMethod(MethodInvocationHelper.java:104)
	at org.testng.internal.Invoker.invokeConfigurationMethod(Invoker.java:515)
	at org.testng.internal.Invoker.invokeConfigurations(Invoker.java:217)
	at org.testng.internal.Invoker.invokeMethod(Invoker.java:712)
	at org.testng.internal.Invoker.invokeTestMethod(Invoker.java:851)
	at org.testng.internal.Invoker.invokeTestMethods(Invoker.java:1177)
	at org.testng.internal.TestMethodWorker.invokeTestMethods(TestMethodWorker.java:129)
	at org.testng.internal.TestMethodWorker.run(TestMethodWorker.java:112)
	at org.testng.TestRunner.privateRun(TestRunner.java:756)
	at org.testng.TestRunner.run(TestRunner.java:610)
	at org.testng.SuiteRunner.runTest(SuiteRunner.java:387)
	at org.testng.SuiteRunner.runSequentially(SuiteRunner.java:382)
	at org.testng.SuiteRunner.privateRun(SuiteRunner.java:340)
	at org.testng.SuiteRunner.run(SuiteRunner.java:289)
	at org.testng.SuiteRunnerWorker.runSuite(SuiteRunnerWorker.java:52)
	at org.testng.SuiteRunnerWorker.run(SuiteRunnerWorker.java:86)
	at org.testng.TestNG.runSuitesSequentially(TestNG.java:1293)
	at org.testng.TestNG.runSuitesLocally(TestNG.java:1218)
	at org.testng.TestNG.runSuites(TestNG.java:1133)
	at org.testng.TestNG.run(TestNG.java:1104)
	at org.apache.maven.surefire.testng.TestNGExecutor.run(TestNGExecutor.java:281)
	at org.apache.maven.surefire.testng.TestNGXmlTestSuite.execute(TestNGXmlTestSuite.java:75)
	at org.apache.maven.surefire.testng.TestNGProvider.invoke(TestNGProvider.java:121)
	at org.apache.maven.surefire.booter.ForkedBooter.invokeProviderInSameClassLoader(ForkedBooter.java:290)
	at org.apache.maven.surefire.booter.ForkedBooter.runSuitesInProcess(ForkedBooter.java:242)
	at org.apache.maven.surefire.booter.ForkedBooter.main(ForkedBooter.java:121)
]]>
            </full-stacktrace>
          </exception> <!-- java.lang.NullPointerException -->
          <reporter-output>
            <line>
              <![CDATA[Test case status checking]]>
            </line>
          </reporter-output>
        </test-method> <!-- afterExecution -->
        <test-method status="SKIP" signature="afterClass()[pri:0, instance:com.makemytrip.testcases.TC_005FlightListingPagefilterValidationTestCase@17baae6e]" name="afterClass" is-config="true" duration-ms="0" started-at="2017-09-25T23:02:23Z" finished-at="2017-09-25T23:02:23Z">
          <reporter-output>
          </reporter-output>
        </test-method> <!-- afterClass -->
      </class> <!-- com.makemytrip.testcases.TC_005FlightListingPagefilterValidationTestCase -->
    </test> <!-- Flight Listing page Filter Validation -->
  </suite> <!-- Suite -->
</testng-results>
