<?xml version="1.0" encoding="UTF-8"?>
<!-- Generated by org.testng.reporters.JUnitXMLReporter -->
<testsuite hostname="admin-PC" ignored="0" name="Command line test" tests="1" failures="1" timestamp="06 Aug 2017 06:11:52 GMT" time="15.589" errors="0">
  <testcase name="normallogintest" time="15.555" classname="com.makemytrip.testcases.TC001_NormalLoginTest">
    <failure type="io.appium.java_client.service.local.InvalidServerInstanceException" message="Invalid server instance exception has occured: There is no installed nodes! Please install node via NPM (https://www.npmjs.com/package/appium#using-node-js) or download and install Appium app (http://appium.io/downloads.html)">
      <![CDATA[io.appium.java_client.service.local.InvalidServerInstanceException: Invalid server instance exception has occured: There is no installed nodes! Please install node via NPM (https://www.npmjs.com/package/appium#using-node-js) or download and install Appium app (http://appium.io/downloads.html)
	at io.appium.java_client.service.local.AppiumServiceBuilder.findNodeInCurrentFileSystem(AppiumServiceBuilder.java:160)
	at io.appium.java_client.service.local.AppiumServiceBuilder.checkAppiumJS(AppiumServiceBuilder.java:305)
	at io.appium.java_client.service.local.AppiumServiceBuilder.createArgs(AppiumServiceBuilder.java:386)
	at org.openqa.selenium.remote.service.DriverService$Builder.build(DriverService.java:305)
	at io.appium.java_client.service.local.AppiumDriverLocalService.buildService(AppiumDriverLocalService.java:74)
	at io.appium.java_client.service.local.AppiumDriverLocalService.buildDefaultService(AppiumDriverLocalService.java:70)
	at com.makemytrip.testcases.TC001_NormalLoginTest.normallogintest(TC001_NormalLoginTest.java:31)
Caused by: java.io.IOException: C:\Users\admin\AppData\Roaming\npm\node_modules

	at io.appium.java_client.service.local.AppiumServiceBuilder.findNodeInCurrentFileSystem(AppiumServiceBuilder.java:161)
	... 40 more
... Removed 34 stack frames]]>
    </failure>
  </testcase> <!-- normallogintest -->
</testsuite> <!-- Command line test -->
